<?xml version="1.0" encoding="UTF-8"?>
<!-- Generated by org.testng.reporters.JUnitReportReporter -->
<testsuite hostname="DESKTOP-V39QH6A" failures="0" tests="1" name="com.obs.tests.LoginTest" time="46.875" errors="0" timestamp="2022-12-23T08:03:02 IST" skipped="0">
  <testcase classname="com.obs.tests.LoginTest" name="verifyLogin" time="46.875"/>
  <system-out/>
</testsuite> <!-- com.obs.tests.LoginTest -->
