<?xml version="1.0" encoding="UTF-8"?>
<!-- Generated by org.testng.reporters.JUnitReportReporter -->
<testsuite hostname="DESKTOP-V39QH6A" failures="0" tests="1" name="com.testng.practice.DragAndDropEx" time="8.993" errors="0" timestamp="2022-12-13T08:18:54 IST" skipped="0">
  <testcase classname="com.testng.practice.DragAndDropEx" name="dragAndDropTest" time="8.993"/>
  <system-out/>
</testsuite> <!-- com.testng.practice.DragAndDropEx -->
