<?xml version="1.0" encoding="UTF-8"?>
<!-- Generated by org.testng.reporters.JUnitReportReporter -->
<testsuite hostname="DESKTOP-V39QH6A" failures="0" tests="1" name="com.testng.practice.DepositAmount" time="0.026" errors="0" timestamp="2022-12-21T08:14:55 IST" skipped="0">
  <testcase classname="com.testng.practice.DepositAmount" name="test" time="0.026"/>
  <system-out/>
</testsuite> <!-- com.testng.practice.DepositAmount -->
